{
  "RSpec": {
    "coverage": {
      "/home/cedricn8/Development/code/learn-prework/tic-tac-toe-rb/lib/tic_tac_toe.rb": [
        null,
        1,
        null,
        null,
        null,
        null,
        null,
        null,
        null,
        null,
        null,
        1,
        25,
        25,
        25,
        25,
        25,
        null,
        null,
        1,
        24,
        null,
        null,
        1,
        23,
        null,
        null,
        null,
        1,
        26,
        23,
        3,
        3,
        null,
        null,
        null,
        1,
        24,
        21,
        null,
        3,
        null,
        null,
        null,
        1,
        21,
        21,
        21,
        21,
        20,
        20,
        20,
        null,
        1,
        null,
        null,
        null,
        null,
        1,
        0,
        0,
        0,
        0,
        null,
        null,
        null,
        1,
        22,
        22,
        198,
        32,
        null,
        null,
        22,
        null,
        null,
        1,
        21,
        null,
        null,
        1,
        49,
        302,
        302,
        302,
        null,
        302,
        302,
        302,
        null,
        302,
        null,
        23,
        null,
        null,
        26,
        null,
        null,
        1,
        0,
        0,
        0,
        0,
        null,
        null,
        0,
        null,
        null,
        1,
        206,
        29,
        null,
        9,
        null,
        null,
        null,
        1,
        null,
        21,
        5,
        4,
        null,
        null,
        null,
        null,
        1,
        22,
        10,
        null,
        12,
        null,
        null,
        null,
        1,
        7,
        6,
        null,
        null,
        null,
        1,
        12,
        18,
        null,
        12,
        5,
        null,
        7,
        3,
        null,
        null,
        null
      ]
    },
    "timestamp": 1661160970
  }
}
